<?xml version="1.0" encoding="UTF-8"?>
<!-- Generated by org.testng.reporters.JUnitReportReporter -->
<testsuite hostname="Chandani" name="unitTestCase.SeleniumGridTestCasesMobile" tests="1" failures="0" timestamp="10 Feb 2018 05:06:34 GMT" time="35.450" errors="0">
  <testcase name="testBrowser" time="35.450" classname="unitTestCase.SeleniumGridTestCasesMobile"/>
</testsuite> <!-- unitTestCase.SeleniumGridTestCasesMobile -->
