<?xml version="1.0" encoding="UTF-8"?>
<!-- Generated by org.testng.reporters.JUnitReportReporter -->
<testsuite hostname="Chandani" name="unitTestCase.HeadlessBrowserTest" tests="1" failures="0" timestamp="10 Feb 2018 03:36:05 GMT" time="14.645" errors="0">
  <testcase name="testBrowser" time="14.645" classname="unitTestCase.HeadlessBrowserTest"/>
</testsuite> <!-- unitTestCase.HeadlessBrowserTest -->
