<?xml version="1.0" encoding="UTF-8"?>
<!-- Generated by org.testng.reporters.JUnitReportReporter -->
<testsuite hostname="Chandani" name="unitTestCase.SeleniumGridTestCases2" tests="1" failures="0" timestamp="10 Feb 2018 05:01:21 GMT" time="48.527" errors="0">
  <testcase name="testBrowser" time="48.527" classname="unitTestCase.SeleniumGridTestCases2"/>
</testsuite> <!-- unitTestCase.SeleniumGridTestCases2 -->
