<?xml version="1.0" encoding="UTF-8"?>
<!-- Generated by org.testng.reporters.JUnitReportReporter -->
<testsuite hostname="Chandani" name="unitTestCase.VerifyLinks" tests="1" failures="0" timestamp="11 Feb 2018 04:26:12 GMT" time="9.861" errors="0">
  <testcase name="testImages1" time="9.861" classname="unitTestCase.VerifyLinks"/>
</testsuite> <!-- unitTestCase.VerifyLinks -->
