<?xml version="1.0" encoding="UTF-8"?>
<!-- Generated by org.testng.reporters.JUnitReportReporter -->
<testsuite hostname="Chandani" name="unitTestCase.SeleniumGridTestCases" tests="1" failures="0" timestamp="10 Feb 2018 04:28:16 GMT" time="9.515" errors="0">
  <testcase name="testBrowser" time="9.515" classname="unitTestCase.SeleniumGridTestCases"/>
</testsuite> <!-- unitTestCase.SeleniumGridTestCases -->
